This is pdfTeX, Version 3.14159265-2.6-1.40.19 (MiKTeX 2.9.6745 64-bit) (preloaded format=pdflatex 2018.8.21)  12 FEB 2019 22:40
entering extended mode
**c:/Users/user/Documents/GitHub/thesis/thesis.tex
(c:/Users/user/Documents/GitHub/thesis/thesis.tex
LaTeX2e <2018-04-01> patch level 5
("C:\Users\user\AppData\Local\Programs\MiKTeX 2.9\tex\latex\base\article.cls"
Document Class: article 2014/09/29 v1.4h Standard LaTeX document class
("C:\Users\user\AppData\Local\Programs\MiKTeX 2.9\tex\latex\base\size11.clo"
File: size11.clo 2014/09/29 v1.4h Standard LaTeX file (size option)
)
\c@part=\count80
\c@section=\count81
\c@subsection=\count82
\c@subsubsection=\count83
\c@paragraph=\count84
\c@subparagraph=\count85
\c@figure=\count86
\c@table=\count87
\abovecaptionskip=\skip41
\belowcaptionskip=\skip42
\bibindent=\dimen102
)
("C:\Users\user\AppData\Local\Programs\MiKTeX 2.9\tex\latex\base\inputenc.sty"
Package: inputenc 2018/04/06 v1.3b Input encoding file
\inpenc@prehook=\toks14
\inpenc@posthook=\toks15
) ("C:\Users\user\AppData\Local\Programs\MiKTeX 2.9\tex\generic\babel\babel.sty
"
Package: babel 2018/06/05 3.22 The Babel package
("C:\Users\user\AppData\Local\Programs\MiKTeX 2.9\tex\generic\babel\switch.def"
File: switch.def 2018/06/05 3.22 Babel switching mechanism
)
*************************************
* Local config file bblopts.cfg used
*
("C:\Users\user\AppData\Local\Programs\MiKTeX 2.9\tex\latex\arabi\bblopts.cfg"
File: bblopts.cfg 2005/09/08 v0.1 add Arabic and Farsi to "declared" options of
 babel
)
("C:\Users\user\AppData\Local\Programs\MiKTeX 2.9\tex\latex\babel-italian\itali
an.ldf"
Language: italian 2015/03/26 v1.3n Italian support from the babel system

("C:\Users\user\AppData\Local\Programs\MiKTeX 2.9\tex\generic\babel\babel.def"
File: babel.def 2018/06/05 3.22 Babel common definitions
\babel@savecnt=\count88
\U@D=\dimen103

("C:\Users\user\AppData\Local\Programs\MiKTeX 2.9\tex\generic\babel\txtbabel.de
f")
\bbl@dirlevel=\count89
)
\it@lettering=\count90
\it@doublequoteactive=\count91
\it@ISOcompliance=\count92
))
("C:\Users\user\AppData\Local\Programs\MiKTeX 2.9\tex\latex\etoolbox\etoolbox.s
ty"
Package: etoolbox 2018/08/19 v2.5f e-TeX tools for LaTeX (JAW)
\etb@tempcnta=\count93
)
("C:\Users\user\AppData\Local\Programs\MiKTeX 2.9\tex\latex\biblatex\biblatex.s
ty"
Package: biblatex 2018/03/04 v3.11 programmable bibliographies (PK/MW)

("C:\Users\user\AppData\Local\Programs\MiKTeX 2.9\tex\generic\oberdiek\pdftexcm
ds.sty"
Package: pdftexcmds 2018/01/30 v0.27 Utility functions of pdfTeX for LuaTeX (HO
)

("C:\Users\user\AppData\Local\Programs\MiKTeX 2.9\tex\generic\oberdiek\infwarer
r.sty"
Package: infwarerr 2016/05/16 v1.4 Providing info/warning/error messages (HO)
)
("C:\Users\user\AppData\Local\Programs\MiKTeX 2.9\tex\generic\oberdiek\ifluatex
.sty"
Package: ifluatex 2016/05/16 v1.4 Provides the ifluatex switch (HO)
Package ifluatex Info: LuaTeX not detected.
)
("C:\Users\user\AppData\Local\Programs\MiKTeX 2.9\tex\generic\oberdiek\ltxcmds.
sty"
Package: ltxcmds 2016/05/16 v1.23 LaTeX kernel commands for general use (HO)
)
("C:\Users\user\AppData\Local\Programs\MiKTeX 2.9\tex\generic\oberdiek\ifpdf.st
y"
Package: ifpdf 2017/03/15 v3.2 Provides the ifpdf switch
)
Package pdftexcmds Info: LuaTeX not detected.
Package pdftexcmds Info: \pdf@primitive is available.
Package pdftexcmds Info: \pdf@ifprimitive is available.
Package pdftexcmds Info: \pdfdraftmode found.
)
("C:\Users\user\AppData\Local\Programs\MiKTeX 2.9\tex\latex\graphics\keyval.sty
"
Package: keyval 2014/10/28 v1.15 key=value parser (DPC)
\KV@toks@=\toks16
)
("C:\Users\user\AppData\Local\Programs\MiKTeX 2.9\tex\latex\oberdiek\kvoptions.
sty"
Package: kvoptions 2016/05/16 v3.12 Key value format for package options (HO)

("C:\Users\user\AppData\Local\Programs\MiKTeX 2.9\tex\generic\oberdiek\kvsetkey
s.sty"
Package: kvsetkeys 2016/05/16 v1.17 Key value parser (HO)

("C:\Users\user\AppData\Local\Programs\MiKTeX 2.9\tex\generic\oberdiek\etexcmds
.sty"
Package: etexcmds 2016/05/16 v1.6 Avoid name clashes with e-TeX commands (HO)
Package etexcmds Info: Could not find \expanded.
(etexcmds)             That can mean that you are not using pdfTeX 1.50 or
(etexcmds)             that some package has redefined \expanded.
(etexcmds)             In the latter case, load this package earlier.
)))
("C:\Users\user\AppData\Local\Programs\MiKTeX 2.9\tex\latex\logreq\logreq.sty"
Package: logreq 2010/08/04 v1.0 xml request logger
\lrq@indent=\count94

("C:\Users\user\AppData\Local\Programs\MiKTeX 2.9\tex\latex\logreq\logreq.def"
File: logreq.def 2010/08/04 v1.0 logreq spec v1.0
)) ("C:\Users\user\AppData\Local\Programs\MiKTeX 2.9\tex\latex\base\ifthen.sty"
Package: ifthen 2014/09/29 v1.1c Standard LaTeX ifthen package (DPC)
) ("C:\Users\user\AppData\Local\Programs\MiKTeX 2.9\tex\latex\url\url.sty"
\Urlmuskip=\muskip10
Package: url 2013/09/16  ver 3.4  Verb mode for urls, etc.
)
("C:\Users\user\AppData\Local\Programs\MiKTeX 2.9\tex\latex\xstring\xstring.sty
"
("C:\Users\user\AppData\Local\Programs\MiKTeX 2.9\tex\generic\xstring\xstring.t
ex"
\@xs@message=\write3
\integerpart=\count95
\decimalpart=\count96
)
Package: xstring 2013/10/13  v1.7c  String manipulations (C Tellechea)
)
\c@tabx@nest=\count97
\c@listtotal=\count98
\c@listcount=\count99
\c@liststart=\count100
\c@liststop=\count101
\c@citecount=\count102
\c@citetotal=\count103
\c@multicitecount=\count104
\c@multicitetotal=\count105
\c@instcount=\count106
\c@maxnames=\count107
\c@minnames=\count108
\c@maxitems=\count109
\c@minitems=\count110
\c@citecounter=\count111
\c@savedcitecounter=\count112
\c@uniquelist=\count113
\c@uniquename=\count114
\c@refsection=\count115
\c@refsegment=\count116
\c@maxextratitle=\count117
\c@maxextratitleyear=\count118
\c@maxextradate=\count119
\c@maxextraalpha=\count120
\c@abbrvpenalty=\count121
\c@highnamepenalty=\count122
\c@lownamepenalty=\count123
\c@maxparens=\count124
\c@parenlevel=\count125
\blx@tempcnta=\count126
\blx@tempcntb=\count127
\blx@tempcntc=\count128
\blx@maxsection=\count129
\blx@maxsegment@0=\count130
\blx@notetype=\count131
\blx@parenlevel@text=\count132
\blx@parenlevel@foot=\count133
\blx@sectionciteorder@0=\count134
\labelnumberwidth=\skip43
\labelalphawidth=\skip44
\biblabelsep=\skip45
\bibitemsep=\skip46
\bibnamesep=\skip47
\bibinitsep=\skip48
\bibparsep=\skip49
\bibhang=\skip50
\blx@bcfin=\read1
\blx@bcfout=\write4
\c@mincomprange=\count135
\c@maxcomprange=\count136
\c@mincompwidth=\count137
Package biblatex Info: Trying to load biblatex default data model...
Package biblatex Info: ... file 'blx-dm.def' found.

("C:\Users\user\AppData\Local\Programs\MiKTeX 2.9\tex\latex\biblatex\blx-dm.def
"
File: blx-dm.def 2018/03/04 v3.11 biblatex localization (PK/MW)
)
Package biblatex Info: Trying to load biblatex custom data model...
Package biblatex Info: ... file 'biblatex-dm.cfg' not found.
\c@afterword=\count138
\c@savedafterword=\count139
\c@annotator=\count140
\c@savedannotator=\count141
\c@author=\count142
\c@savedauthor=\count143
\c@bookauthor=\count144
\c@savedbookauthor=\count145
\c@commentator=\count146
\c@savedcommentator=\count147
\c@editor=\count148
\c@savededitor=\count149
\c@editora=\count150
\c@savededitora=\count151
\c@editorb=\count152
\c@savededitorb=\count153
\c@editorc=\count154
\c@savededitorc=\count155
\c@foreword=\count156
\c@savedforeword=\count157
\c@holder=\count158
\c@savedholder=\count159
\c@introduction=\count160
\c@savedintroduction=\count161
\c@namea=\count162
\c@savednamea=\count163
\c@nameb=\count164
\c@savednameb=\count165
\c@namec=\count166
\c@savednamec=\count167
\c@translator=\count168
\c@savedtranslator=\count169
\c@shortauthor=\count170
\c@savedshortauthor=\count171
\c@shorteditor=\count172
\c@savedshorteditor=\count173
\c@labelname=\count174
\c@savedlabelname=\count175
\c@institution=\count176
\c@savedinstitution=\count177
\c@lista=\count178
\c@savedlista=\count179
\c@listb=\count180
\c@savedlistb=\count181
\c@listc=\count182
\c@savedlistc=\count183
\c@listd=\count184
\c@savedlistd=\count185
\c@liste=\count186
\c@savedliste=\count187
\c@listf=\count188
\c@savedlistf=\count189
\c@location=\count190
\c@savedlocation=\count191
\c@organization=\count192
\c@savedorganization=\count193
\c@origlocation=\count194
\c@savedoriglocation=\count195
\c@origpublisher=\count196
\c@savedorigpublisher=\count197
\c@publisher=\count198
\c@savedpublisher=\count199
\c@language=\count266
\c@savedlanguage=\count267
\c@origlanguage=\count268
\c@savedoriglanguage=\count269
\c@pageref=\count270
\c@savedpageref=\count271
\shorthandwidth=\skip51
\shortjournalwidth=\skip52
\shortserieswidth=\skip53
\shorttitlewidth=\skip54
\shortauthorwidth=\skip55
\shorteditorwidth=\skip56
\locallabelnumberwidth=\skip57
\locallabelalphawidth=\skip58
\localshorthandwidth=\skip59
\localshortjournalwidth=\skip60
\localshortserieswidth=\skip61
\localshorttitlewidth=\skip62
\localshortauthorwidth=\skip63
\localshorteditorwidth=\skip64
Package biblatex Info: Trying to load compatibility code...
Package biblatex Info: ... file 'blx-compat.def' found.

("C:\Users\user\AppData\Local\Programs\MiKTeX 2.9\tex\latex\biblatex\blx-compat
.def"
File: blx-compat.def 2018/03/04 v3.11 biblatex compatibility (PK/MW)
)
Package biblatex Info: Trying to load BibTeX backend compatibility...
Package biblatex Info: ... file 'blx-bibtex.def' found.

("C:\Users\user\AppData\Local\Programs\MiKTeX 2.9\tex\latex\biblatex\blx-bibtex
.def"
File: blx-bibtex.def 2018/03/04 v3.11 biblatex compatibility (PK/MW)


Package biblatex Warning: Using fall-back BibTeX(8) backend:
(biblatex)                functionality may be reduced/unavailable.

)
Package biblatex Info: Trying to load generic definitions...
Package biblatex Info: ... file 'biblatex.def' found.

("C:\Users\user\AppData\Local\Programs\MiKTeX 2.9\tex\latex\biblatex\biblatex.d
ef"
File: biblatex.def 2018/03/04 v3.11 biblatex compatibility (PK/MW)
\c@textcitecount=\count272
\c@textcitetotal=\count273
\c@textcitemaxnames=\count274
\c@biburlnumpenalty=\count275
\c@biburlucpenalty=\count276
\c@biburllcpenalty=\count277
\c@smartand=\count278
)
Package biblatex Info: Trying to load bibliography style 'numeric'...
Package biblatex Info: ... file 'numeric.bbx' found.

("C:\Users\user\AppData\Local\Programs\MiKTeX 2.9\tex\latex\biblatex\bbx\numeri
c.bbx"
File: numeric.bbx 2018/03/04 v3.11 biblatex bibliography style (PK/MW)
Package biblatex Info: Trying to load bibliography style 'standard'...
Package biblatex Info: ... file 'standard.bbx' found.

("C:\Users\user\AppData\Local\Programs\MiKTeX 2.9\tex\latex\biblatex\bbx\standa
rd.bbx"
File: standard.bbx 2018/03/04 v3.11 biblatex bibliography style (PK/MW)
\c@bbx:relatedcount=\count279
\c@bbx:relatedtotal=\count280
))
Package biblatex Info: Trying to load citation style 'numeric'...
Package biblatex Info: ... file 'numeric.cbx' found.

("C:\Users\user\AppData\Local\Programs\MiKTeX 2.9\tex\latex\biblatex\cbx\numeri
c.cbx"
File: numeric.cbx 2018/03/04 v3.11 biblatex citation style (PK/MW)
Package biblatex Info: Redefining '\cite'.
Package biblatex Info: Redefining '\parencite'.
Package biblatex Info: Redefining '\footcite'.
Package biblatex Info: Redefining '\footcitetext'.
Package biblatex Info: Redefining '\smartcite'.
Package biblatex Info: Redefining '\supercite'.
Package biblatex Info: Redefining '\textcite'.
Package biblatex Info: Redefining '\textcites'.
Package biblatex Info: Redefining '\cites'.
Package biblatex Info: Redefining '\parencites'.
Package biblatex Info: Redefining '\smartcites'.
)
Package biblatex Info: Trying to load configuration file...
Package biblatex Info: ... file 'biblatex.cfg' found.

("C:\Users\user\AppData\Local\Programs\MiKTeX 2.9\tex\latex\biblatex\biblatex.c
fg"
File: biblatex.cfg 
))
("C:\Users\user\AppData\Local\Programs\MiKTeX 2.9\tex\latex\hyperref\hyperref.s
ty"
Package: hyperref 2018/02/06 v6.86b Hypertext links for LaTeX

("C:\Users\user\AppData\Local\Programs\MiKTeX 2.9\tex\generic\oberdiek\hobsub-h
yperref.sty"
Package: hobsub-hyperref 2016/05/16 v1.14 Bundle oberdiek, subset hyperref (HO)


("C:\Users\user\AppData\Local\Programs\MiKTeX 2.9\tex\generic\oberdiek\hobsub-g
eneric.sty"
Package: hobsub-generic 2016/05/16 v1.14 Bundle oberdiek, subset generic (HO)
Package: hobsub 2016/05/16 v1.14 Construct package bundles (HO)
Package hobsub Info: Skipping package `infwarerr' (already loaded).
Package hobsub Info: Skipping package `ltxcmds' (already loaded).
Package hobsub Info: Skipping package `ifluatex' (already loaded).
Package: ifvtex 2016/05/16 v1.6 Detect VTeX and its facilities (HO)
Package ifvtex Info: VTeX not detected.
Package: intcalc 2016/05/16 v1.2 Expandable calculations with integers (HO)
Package hobsub Info: Skipping package `ifpdf' (already loaded).
Package hobsub Info: Skipping package `etexcmds' (already loaded).
Package hobsub Info: Skipping package `kvsetkeys' (already loaded).
Package: kvdefinekeys 2016/05/16 v1.4 Define keys (HO)
Package hobsub Info: Skipping package `pdftexcmds' (already loaded).
Package: pdfescape 2016/05/16 v1.14 Implements pdfTeX's escape features (HO)
Package: bigintcalc 2016/05/16 v1.4 Expandable calculations on big integers (HO
)
Package: bitset 2016/05/16 v1.2 Handle bit-vector datatype (HO)
Package: uniquecounter 2016/05/16 v1.3 Provide unlimited unique counter (HO)
)
Package hobsub Info: Skipping package `hobsub' (already loaded).
Package: letltxmacro 2016/05/16 v1.5 Let assignment for LaTeX macros (HO)
Package: hopatch 2016/05/16 v1.3 Wrapper for package hooks (HO)
Package: xcolor-patch 2016/05/16 xcolor patch
Package: atveryend 2016/05/16 v1.9 Hooks at the very end of document (HO)
Package: atbegshi 2016/06/09 v1.18 At begin shipout hook (HO)
Package: refcount 2016/05/16 v3.5 Data extraction from label references (HO)
Package: hycolor 2016/05/16 v1.8 Color options for hyperref/bookmark (HO)
)
("C:\Users\user\AppData\Local\Programs\MiKTeX 2.9\tex\generic\ifxetex\ifxetex.s
ty"
Package: ifxetex 2010/09/12 v0.6 Provides ifxetex conditional
)
("C:\Users\user\AppData\Local\Programs\MiKTeX 2.9\tex\latex\oberdiek\auxhook.st
y"
Package: auxhook 2016/05/16 v1.4 Hooks for auxiliary files (HO)
)
\@linkdim=\dimen104
\Hy@linkcounter=\count281
\Hy@pagecounter=\count282

("C:\Users\user\AppData\Local\Programs\MiKTeX 2.9\tex\latex\hyperref\pd1enc.def
"
File: pd1enc.def 2018/02/06 v6.86b Hyperref: PDFDocEncoding definition (HO)
Now handling font encoding PD1 ...
... no UTF-8 mapping file for font encoding PD1
)
\Hy@SavedSpaceFactor=\count283

("C:\Users\user\AppData\Local\Programs\MiKTeX 2.9\tex\latex\00miktex\hyperref.c
fg"
File: hyperref.cfg 2002/06/06 v1.2 hyperref configuration of TeXLive
)
Package hyperref Info: Hyper figures OFF on input line 4509.
Package hyperref Info: Link nesting OFF on input line 4514.
Package hyperref Info: Hyper index ON on input line 4517.
Package hyperref Info: Plain pages OFF on input line 4524.
Package hyperref Info: Backreferencing OFF on input line 4529.
Package hyperref Info: Implicit mode ON; LaTeX internals redefined.
Package hyperref Info: Bookmarks ON on input line 4762.
\c@Hy@tempcnt=\count284
LaTeX Info: Redefining \url on input line 5115.
\XeTeXLinkMargin=\dimen105
\Fld@menulength=\count285
\Field@Width=\dimen106
\Fld@charsize=\dimen107
Package hyperref Info: Hyper figures OFF on input line 6369.
Package hyperref Info: Link nesting OFF on input line 6374.
Package hyperref Info: Hyper index ON on input line 6377.
Package hyperref Info: backreferencing OFF on input line 6384.
Package hyperref Info: Link coloring OFF on input line 6389.
Package hyperref Info: Link coloring with OCG OFF on input line 6394.
Package hyperref Info: PDF/A mode OFF on input line 6399.
LaTeX Info: Redefining \ref on input line 6439.
LaTeX Info: Redefining \pageref on input line 6443.
\Hy@abspage=\count286
\c@Item=\count287
\c@Hfootnote=\count288
)
Package hyperref Info: Driver (autodetected): hpdftex.

("C:\Users\user\AppData\Local\Programs\MiKTeX 2.9\tex\latex\hyperref\hpdftex.de
f"
File: hpdftex.def 2018/02/06 v6.86b Hyperref driver for pdfTeX
\Fld@listcount=\count289
\c@bookmark@seq@number=\count290

("C:\Users\user\AppData\Local\Programs\MiKTeX 2.9\tex\latex\oberdiek\rerunfilec
heck.sty"
Package: rerunfilecheck 2016/05/16 v1.8 Rerun checks for auxiliary files (HO)
Package uniquecounter Info: New unique counter `rerunfilecheck' on input line 2
82.
)
\Hy@SectionHShift=\skip65
)
("C:\Users\user\AppData\Local\Programs\MiKTeX 2.9\tex\latex\listings\listings.s
ty"
\lst@mode=\count291
\lst@gtempboxa=\box26
\lst@token=\toks17
\lst@length=\count292
\lst@currlwidth=\dimen108
\lst@column=\count293
\lst@pos=\count294
\lst@lostspace=\dimen109
\lst@width=\dimen110
\lst@newlines=\count295
\lst@lineno=\count296
\lst@maxwidth=\dimen111

("C:\Users\user\AppData\Local\Programs\MiKTeX 2.9\tex\latex\listings\lstmisc.st
y"
File: lstmisc.sty 2015/06/04 1.6 (Carsten Heinz)
\c@lstnumber=\count297
\lst@skipnumbers=\count298
\lst@framebox=\box27
)
("C:\Users\user\AppData\Local\Programs\MiKTeX 2.9\tex\latex\listings\listings.c
fg"
File: listings.cfg 2015/06/04 1.6 listings configuration
))
Package: listings 2015/06/04 1.6 (Carsten Heinz)

("C:\Users\user\AppData\Local\Programs\MiKTeX 2.9\tex\latex\graphics\color.sty"
Package: color 2016/07/10 v1.1e Standard LaTeX Color (DPC)

("C:\Users\user\AppData\Local\Programs\MiKTeX 2.9\tex\latex\graphics-cfg\color.
cfg"
File: color.cfg 2016/01/02 v1.6 sample color configuration
)
Package color Info: Driver file: pdftex.def on input line 147.

("C:\Users\user\AppData\Local\Programs\MiKTeX 2.9\tex\latex\graphics-def\pdftex
.def"
File: pdftex.def 2018/01/08 v1.0l Graphics/color driver for pdftex
))
("C:\Users\user\AppData\Local\Programs\MiKTeX 2.9\tex\latex\graphics\graphicx.s
ty"
Package: graphicx 2017/06/01 v1.1a Enhanced LaTeX Graphics (DPC,SPQR)

("C:\Users\user\AppData\Local\Programs\MiKTeX 2.9\tex\latex\graphics\graphics.s
ty"
Package: graphics 2017/06/25 v1.2c Standard LaTeX Graphics (DPC,SPQR)

("C:\Users\user\AppData\Local\Programs\MiKTeX 2.9\tex\latex\graphics\trig.sty"
Package: trig 2016/01/03 v1.10 sin cos tan (DPC)
)
("C:\Users\user\AppData\Local\Programs\MiKTeX 2.9\tex\latex\graphics-cfg\graphi
cs.cfg"
File: graphics.cfg 2016/06/04 v1.11 sample graphics configuration
)
Package graphics Info: Driver file: pdftex.def on input line 99.
)
\Gin@req@height=\dimen112
\Gin@req@width=\dimen113
)
("C:\Users\user\AppData\Local\Programs\MiKTeX 2.9\tex\latex\bigints\bigints.sty
"
Package: bigints 2010/02/15 Writing big integrals
Package bigints Info: This is Bigints by Merciadri Luca. on input line 5.

("C:\Users\user\AppData\Local\Programs\MiKTeX 2.9\tex\latex\amsmath\amsmath.sty
"
Package: amsmath 2017/09/02 v2.17a AMS math features
\@mathmargin=\skip66

For additional information on amsmath, use the `?' option.
("C:\Users\user\AppData\Local\Programs\MiKTeX 2.9\tex\latex\amsmath\amstext.sty
"
Package: amstext 2000/06/29 v2.01 AMS text
 ("C:\Users\user\AppData\Local\Programs\MiKTeX 2.9\tex\latex\amsmath\amsgen.sty
"
File: amsgen.sty 1999/11/30 v2.0 generic functions
\@emptytoks=\toks18
\ex@=\dimen114
))
("C:\Users\user\AppData\Local\Programs\MiKTeX 2.9\tex\latex\amsmath\amsbsy.sty"
Package: amsbsy 1999/11/29 v1.2d Bold Symbols
\pmbraise@=\dimen115
) ("C:\Users\user\AppData\Local\Programs\MiKTeX 2.9\tex\latex\amsmath\amsopn.st
y"
Package: amsopn 2016/03/08 v2.02 operator names
)
\inf@bad=\count299
LaTeX Info: Redefining \frac on input line 213.
\uproot@=\count300
\leftroot@=\count301
LaTeX Info: Redefining \overline on input line 375.
\classnum@=\count302
\DOTSCASE@=\count303
LaTeX Info: Redefining \ldots on input line 472.
LaTeX Info: Redefining \dots on input line 475.
LaTeX Info: Redefining \cdots on input line 596.
\Mathstrutbox@=\box28
\strutbox@=\box29
\big@size=\dimen116
LaTeX Font Info:    Redeclaring font encoding OML on input line 712.
LaTeX Font Info:    Redeclaring font encoding OMS on input line 713.
\macc@depth=\count304
\c@MaxMatrixCols=\count305
\dotsspace@=\muskip11
\c@parentequation=\count306
\dspbrk@lvl=\count307
\tag@help=\toks19
\row@=\count308
\column@=\count309
\maxfields@=\count310
\andhelp@=\toks20
\eqnshift@=\dimen117
\alignsep@=\dimen118
\tagshift@=\dimen119
\tagwidth@=\dimen120
\totwidth@=\dimen121
\lineht@=\dimen122
\@envbody=\toks21
\multlinegap=\skip67
\multlinetaggap=\skip68
\mathdisplay@stack=\toks22
LaTeX Info: Redefining \[ on input line 2817.
LaTeX Info: Redefining \] on input line 2818.
))
("C:\Users\user\AppData\Local\Programs\MiKTeX 2.9\tex\latex\relsize\relsize.sty
"
Package: relsize 2013/03/29 ver 4.1
)
("C:\Users\user\AppData\Local\Programs\MiKTeX 2.9\tex\latex\titling\titling.sty
"
Package: titling 2009/09/04 v2.1d maketitle typesetting
\thanksmarkwidth=\skip69
\thanksmargin=\skip70
\droptitle=\skip71
)
("C:\Users\user\AppData\Local\Programs\MiKTeX 2.9\tex\latex\fancyhdr\fancyhdr.s
ty"
Package: fancyhdr 2017/06/30 v3.9a Extensive control of page headers and footer
s
\f@nch@headwidth=\skip72
\f@nch@O@elh=\skip73
\f@nch@O@erh=\skip74
\f@nch@O@olh=\skip75
\f@nch@O@orh=\skip76
\f@nch@O@elf=\skip77
\f@nch@O@erf=\skip78
\f@nch@O@olf=\skip79
\f@nch@O@orf=\skip80
)
("C:\Users\user\AppData\Local\Programs\MiKTeX 2.9\tex\latex\lipsum\lipsum.sty"
("C:\Users\user\AppData\Local\Programs\MiKTeX 2.9\tex\latex\l3kernel\expl3.sty"
Package: expl3 2019-01-28 L3 programming layer (loader) 

("C:\Users\user\AppData\Local\Programs\MiKTeX 2.9\tex\latex\l3kernel\expl3-code
.tex"
Package: expl3 2019-01-28 L3 programming layer (code)
\c_max_int=\count311
\l_tmpa_int=\count312
\l_tmpb_int=\count313
\g_tmpa_int=\count314
\g_tmpb_int=\count315
\g__kernel_prg_map_int=\count316
\c_log_iow=\count317
\l_iow_line_count_int=\count318
\l__iow_line_target_int=\count319
\l__iow_one_indent_int=\count320
\l__iow_indent_int=\count321
\c_zero_dim=\dimen123
\c_max_dim=\dimen124
\l_tmpa_dim=\dimen125
\l_tmpb_dim=\dimen126
\g_tmpa_dim=\dimen127
\g_tmpb_dim=\dimen128
\c_zero_skip=\skip81
\c_max_skip=\skip82
\l_tmpa_skip=\skip83
\l_tmpb_skip=\skip84
\g_tmpa_skip=\skip85
\g_tmpb_skip=\skip86
\c_zero_muskip=\muskip12
\c_max_muskip=\muskip13
\l_tmpa_muskip=\muskip14
\l_tmpb_muskip=\muskip15
\g_tmpa_muskip=\muskip16
\g_tmpb_muskip=\muskip17
\l_keys_choice_int=\count322
\l__intarray_loop_int=\count323
\c__intarray_sp_dim=\dimen129
\g__intarray_font_int=\count324
\c__fp_leading_shift_int=\count325
\c__fp_middle_shift_int=\count326
\c__fp_trailing_shift_int=\count327
\c__fp_big_leading_shift_int=\count328
\c__fp_big_middle_shift_int=\count329
\c__fp_big_trailing_shift_int=\count330
\c__fp_Bigg_leading_shift_int=\count331
\c__fp_Bigg_middle_shift_int=\count332
\c__fp_Bigg_trailing_shift_int=\count333
\c__kernel_randint_max_int=\count334
\g__fp_array_int=\count335
\l__fp_array_loop_int=\count336
\l__sort_length_int=\count337
\l__sort_min_int=\count338
\l__sort_top_int=\count339
\l__sort_max_int=\count340
\l__sort_true_max_int=\count341
\l__sort_block_int=\count342
\l__sort_begin_int=\count343
\l__sort_end_int=\count344
\l__sort_A_int=\count345
\l__sort_B_int=\count346
\l__sort_C_int=\count347
\l__tl_analysis_normal_int=\count348
\l__tl_analysis_index_int=\count349
\l__tl_analysis_nesting_int=\count350
\l__tl_analysis_type_int=\count351
\l__regex_internal_a_int=\count352
\l__regex_internal_b_int=\count353
\l__regex_internal_c_int=\count354
\l__regex_balance_int=\count355
\l__regex_group_level_int=\count356
\l__regex_mode_int=\count357
\c__regex_cs_in_class_mode_int=\count358
\c__regex_cs_mode_int=\count359
\l__regex_catcodes_int=\count360
\l__regex_default_catcodes_int=\count361
\c__regex_catcode_D_int=\count362
\c__regex_catcode_S_int=\count363
\c__regex_catcode_L_int=\count364
\c__regex_catcode_O_int=\count365
\c__regex_catcode_A_int=\count366
\c__regex_all_catcodes_int=\count367
\l__regex_show_lines_int=\count368
\l__regex_min_state_int=\count369
\l__regex_max_state_int=\count370
\l__regex_left_state_int=\count371
\l__regex_right_state_int=\count372
\l__regex_capturing_group_int=\count373
\l__regex_min_pos_int=\count374
\l__regex_max_pos_int=\count375
\l__regex_curr_pos_int=\count376
\l__regex_start_pos_int=\count377
\l__regex_success_pos_int=\count378
\l__regex_curr_char_int=\count379
\l__regex_curr_catcode_int=\count380
\l__regex_last_char_int=\count381
\l__regex_case_changed_char_int=\count382
\l__regex_curr_state_int=\count383
\l__regex_step_int=\count384
\l__regex_min_active_int=\count385
\l__regex_max_active_int=\count386
\l__regex_replacement_csnames_int=\count387
\l__regex_match_count_int=\count388
\l__regex_min_submatch_int=\count389
\l__regex_submatch_int=\count390
\l__regex_zeroth_submatch_int=\count391
\g__regex_trace_regex_int=\count392
\c_empty_box=\box30
\l_tmpa_box=\box31
\l_tmpb_box=\box32
\g_tmpa_box=\box33
\g_tmpb_box=\box34
\l__box_top_dim=\dimen130
\l__box_bottom_dim=\dimen131
\l__box_left_dim=\dimen132
\l__box_right_dim=\dimen133
\l__box_top_new_dim=\dimen134
\l__box_bottom_new_dim=\dimen135
\l__box_left_new_dim=\dimen136
\l__box_right_new_dim=\dimen137
\l__box_internal_box=\box35
\l__coffin_internal_box=\box36
\l__coffin_internal_dim=\dimen138
\l__coffin_offset_x_dim=\dimen139
\l__coffin_offset_y_dim=\dimen140
\l__coffin_x_dim=\dimen141
\l__coffin_y_dim=\dimen142
\l__coffin_x_prime_dim=\dimen143
\l__coffin_y_prime_dim=\dimen144
\c_empty_coffin=\box37
\l__coffin_aligned_coffin=\box38
\l__coffin_aligned_internal_coffin=\box39
\l_tmpa_coffin=\box40
\l_tmpb_coffin=\box41
\g_tmpa_coffin=\box42
\g_tmpb_coffin=\box43
\c__coffin_empty_coffin=\box44
\l__coffin_display_coffin=\box45
\l__coffin_display_coord_coffin=\box46
\l__coffin_display_pole_coffin=\box47
\l__coffin_display_offset_dim=\dimen145
\l__coffin_display_x_dim=\dimen146
\l__coffin_display_y_dim=\dimen147
\g__file_internal_ior=\read2
\l__coffin_bounding_shift_dim=\dimen148
\l__coffin_left_corner_dim=\dimen149
\l__coffin_right_corner_dim=\dimen150
\l__coffin_bottom_corner_dim=\dimen151
\l__coffin_top_corner_dim=\dimen152
\l__coffin_scaled_total_height_dim=\dimen153
\l__coffin_scaled_width_dim=\dimen154
\l__seq_internal_a_int=\count393
\l__seq_internal_b_int=\count394
)
("C:\Users\user\AppData\Local\Programs\MiKTeX 2.9\tex\latex\l3kernel\l3pdfmode.
def"
File: l3pdfmode.def 2019-01-28 v L3 Experimental driver: PDF mode
\l__driver_color_stack_int=\count395
))
("C:\Users\user\AppData\Local\Programs\MiKTeX 2.9\tex\latex\l3packages\xparse\x
parse.sty"
Package: xparse 2018-10-17 L3 Experimental document command parser
\l__xparse_current_arg_int=\count396
\g__xparse_grabber_int=\count397
\l__xparse_m_args_int=\count398
\l__xparse_mandatory_args_int=\count399
\l__xparse_v_nesting_int=\count400
)
Package: lipsum 2019/01/02 v2.2 150 paragraphs of Lorem Ipsum dummy text

("C:\Users\user\AppData\Local\Programs\MiKTeX 2.9\tex\latex\lipsum\lipsum.ltd.t
ex"
File: lipsum.ltd.tex 2019/01/02 v2.2 The Lorem ipsum dummy text
))
("C:\Users\user\AppData\Local\Programs\MiKTeX 2.9\tex\latex\listings\lstlang1.s
ty"
File: lstlang1.sty 2015/06/04 1.6 listings language file
)
("C:\Users\user\AppData\Local\Programs\MiKTeX 2.9\tex\latex\listings\lstlang1.s
ty"
File: lstlang1.sty 2015/06/04 1.6 listings language file
)
("C:\Users\user\AppData\Local\Programs\MiKTeX 2.9\tex\latex\listings\lstmisc.st
y"
File: lstmisc.sty 2015/06/04 1.6 (Carsten Heinz)
)
Package hyperref Info: Option `colorlinks' set `true' on input line 78.
Package biblatex Info: Trying to load language 'italian'...
Package biblatex Info: ... file 'italian.lbx' found.

("C:\Users\user\AppData\Local\Programs\MiKTeX 2.9\tex\latex\biblatex\lbx\italia
n.lbx"
File: italian.lbx 2018/03/04 v3.11 biblatex localization (PK/MW)
)

Package biblatex Warning: 'babel/polyglossia' detected but 'csquotes' missing.
(biblatex)                Loading 'csquotes' recommended.

\@quotelevel=\count401
\@quotereset=\count402
(thesis.aux)
\openout1 = `thesis.aux'.

LaTeX Font Info:    Checking defaults for OML/cmm/m/it on input line 80.
LaTeX Font Info:    ... okay on input line 80.
LaTeX Font Info:    Checking defaults for T1/cmr/m/n on input line 80.
LaTeX Font Info:    ... okay on input line 80.
LaTeX Font Info:    Checking defaults for OT1/cmr/m/n on input line 80.
LaTeX Font Info:    ... okay on input line 80.
LaTeX Font Info:    Checking defaults for OMS/cmsy/m/n on input line 80.
LaTeX Font Info:    ... okay on input line 80.
LaTeX Font Info:    Checking defaults for OMX/cmex/m/n on input line 80.
LaTeX Font Info:    ... okay on input line 80.
LaTeX Font Info:    Checking defaults for U/cmr/m/n on input line 80.
LaTeX Font Info:    ... okay on input line 80.
LaTeX Font Info:    Checking defaults for PD1/pdf/m/n on input line 80.
LaTeX Font Info:    ... okay on input line 80.
LaTeX Info: Redefining \it@ocap on input line 80.
LaTeX Info: Redefining \it@ccap on input line 80.


File italian.ldf warning: 
italian.ldf    With OT1 encoding guillemets are poorly faked
italian.ldf    Use T1 encoding
italian.ldf    or specify a font with command \CaporaliFrom
italian.ldf    See the documentation concerning the babel-italian typesetting 
italian.ldf    on input line 80.

Package biblatex Info: Input encoding 'utf8' detected.
Package biblatex Info: Automatic encoding selection.
(biblatex)             Assuming data encoding 'utf8'.
Package biblatex Info: Input encoding 'utf8' specified.
Package biblatex Info: Data encoding 'utf8' specified.
(biblatex)             No need to reencode data.
\openout4 = `thesis-blx.bib'.

Package biblatex Info: Trying to load bibliographic data...
Package biblatex Info: ... file 'thesis.bbl' not found.
No file thesis.bbl.
Package biblatex Info: Reference section=0 on input line 80.
Package biblatex Info: Reference segment=0 on input line 80.
\AtBeginShipoutBox=\box48
Package hyperref Info: Link coloring ON on input line 80.

("C:\Users\user\AppData\Local\Programs\MiKTeX 2.9\tex\latex\hyperref\nameref.st
y"
Package: nameref 2016/05/21 v2.44 Cross-referencing by name of section

("C:\Users\user\AppData\Local\Programs\MiKTeX 2.9\tex\generic\oberdiek\gettitle
string.sty"
Package: gettitlestring 2016/05/16 v1.5 Cleanup title references (HO)
)
\c@section@level=\count403
)
LaTeX Info: Redefining \ref on input line 80.
LaTeX Info: Redefining \pageref on input line 80.
LaTeX Info: Redefining \nameref on input line 80.
 (thesis.out) (thesis.out)
\@outlinefile=\write5
\openout5 = `thesis.out'.

\c@lstlisting=\count404

("C:\Users\user\AppData\Local\Programs\MiKTeX 2.9\tex\context\base\supp-pdf.mki
i"
[Loading MPS to PDF converter (version 2006.09.02).]
\scratchcounter=\count405
\scratchdimen=\dimen155
\scratchbox=\box49
\nofMPsegments=\count406
\nofMParguments=\count407
\everyMPshowfont=\toks23
\MPscratchCnt=\count408
\MPscratchDim=\dimen156
\MPnumerator=\count409
\makeMPintoPDFobject=\count410
\everyMPtoPDFconversion=\toks24
)
("C:\Users\user\AppData\Local\Programs\MiKTeX 2.9\tex\latex\oberdiek\epstopdf-b
ase.sty"
Package: epstopdf-base 2016/05/15 v2.6 Base part for package epstopdf

("C:\Users\user\AppData\Local\Programs\MiKTeX 2.9\tex\latex\oberdiek\grfext.sty
"
Package: grfext 2016/05/16 v1.2 Manage graphics extensions (HO)
)
Package epstopdf-base Info: Redefining graphics rule for `.eps' on input line 4
38.
Package grfext Info: Graphics extension search list:
(grfext)             [.pdf,.png,.jpg,.mps,.jpeg,.jbig2,.jb2,.PDF,.PNG,.JPG,.JPE
G,.JBIG2,.JB2,.eps]
(grfext)             \AppendGraphicsExtensions on input line 456.
)

Package Fancyhdr Warning: \fancyfoot's `E' option without twoside option is use
less on input line 86.


Package Fancyhdr Warning: \fancyfoot's `E' option without twoside option is use
less on input line 87.

<images/logo.png, id=143, 287.0725pt x 293.095pt>
File: images/logo.png Graphic file (type png)
<use images/logo.png>
Package pdftex.def Info: images/logo.png  used on input line 89.
(pdftex.def)             Requested size: 114.82695pt x 117.23592pt.
[1

{C:/Users/user/AppData/Local/MiKTeX/2.9/pdftex/config/pdftex.map} <./images/log
o.png>] (thesis.toc)
\tf@toc=\write6
\openout6 = `thesis.toc'.



Package Fancyhdr Warning: \headheight is too small (12.0pt): 
 Make it at least 13.59999pt.
 We now make it that large for the rest of the document.
 This may cause the page layout to be inconsistent, however.

[2] [3]
<images/colorimetria3.jpg, id=235, 803.0pt x 312.16624pt>
File: images/colorimetria3.jpg Graphic file (type jpg)
<use images/colorimetria3.jpg>
Package pdftex.def Info: images/colorimetria3.jpg  used on input line 112.
(pdftex.def)             Requested size: 361.34666pt x 140.47351pt.

Overfull \hbox (1.34666pt too wide) in paragraph at lines 112--113
 [][] 
 []

[4 <./images/colorimetria3.jpg>]
<images/colorimetria1.jpg, id=241, 421.3341pt x 286.1892pt>
File: images/colorimetria1.jpg Graphic file (type jpg)
<use images/colorimetria1.jpg>
Package pdftex.def Info: images/colorimetria1.jpg  used on input line 131.
(pdftex.def)             Requested size: 337.06773pt x 228.95164pt.
 [5 <./images/colorimetria1.jpg>]
<images/CIEXYZ.png, id=247, 1144.275pt x 1264.725pt>
File: images/CIEXYZ.png Graphic file (type png)
<use images/CIEXYZ.png>
Package pdftex.def Info: images/CIEXYZ.png  used on input line 145.
(pdftex.def)             Requested size: 228.85094pt x 252.94052pt.
 [6 <./images/CIEXYZ.png>]
<images/CIELAB.jpg, id=257, 598.235pt x 526.96875pt>
File: images/CIELAB.jpg Graphic file (type jpg)
<use images/CIELAB.jpg>
Package pdftex.def Info: images/CIELAB.jpg  used on input line 168.
(pdftex.def)             Requested size: 358.94377pt x 316.18369pt.
 [7 <./images/CIELAB.jpg>]
<images/jpeg.png, id=264, 510.90875pt x 391.4625pt>
File: images/jpeg.png Graphic file (type png)
<use images/jpeg.png>
Package pdftex.def Info: images/jpeg.png  used on input line 182.
(pdftex.def)             Requested size: 357.63368pt x 274.02187pt.
 [8 <./images/jpeg.png>]
LaTeX Font Info:    Try loading font information for OMS+cmr on input line 190.


("C:\Users\user\AppData\Local\Programs\MiKTeX 2.9\tex\latex\base\omscmr.fd"
File: omscmr.fd 2014/09/29 v2.5h Standard LaTeX font definitions
)
LaTeX Font Info:    Font shape `OMS/cmr/m/n' in size <10.95> not available
(Font)              Font shape `OMS/cmsy/m/n' tried instead on input line 190.

[9]
<images/cervello.jpg, id=275, 496.85625pt x 160.80075pt>
File: images/cervello.jpg Graphic file (type jpg)
<use images/cervello.jpg>
Package pdftex.def Info: images/cervello.jpg  used on input line 222.
(pdftex.def)             Requested size: 347.797pt x 112.55974pt.
<images/neurone.jpg, id=276, 295.70474pt x 160.80075pt>
File: images/neurone.jpg Graphic file (type jpg)
<use images/neurone.jpg>
Package pdftex.def Info: images/neurone.jpg  used on input line 240.
(pdftex.def)             Requested size: 295.70401pt x 160.80034pt.


LaTeX Warning: Command \textellipsis invalid in math mode on input line 243.

[10 <./images/cervello.jpg>] [11 <./images/neurone.jpg>] [12]
<images/generazione.png, id=296, 670.505pt x 415.5525pt>
File: images/generazione.png Graphic file (type png)
<use images/generazione.png>
Package pdftex.def Info: images/generazione.png  used on input line 297.
(pdftex.def)             Requested size: 368.7789pt x 228.55458pt.

Overfull \hbox (8.7789pt too wide) in paragraph at lines 297--298
 [][] 
 []

[13 <./images/generazione.png>]
LaTeX Font Info:    Font shape `OMS/cmr/m/n' in size <9> not available
(Font)              Font shape `OMS/cmsy/m/n' tried instead on input line 308.
LaTeX Font Info:    Try loading font information for OML+cmr on input line 318.


("C:\Users\user\AppData\Local\Programs\MiKTeX 2.9\tex\latex\base\omlcmr.fd"
File: omlcmr.fd 2014/09/29 v2.5h Standard LaTeX font definitions
)
LaTeX Font Info:    Font shape `OML/cmr/m/n' in size <9> not available
(Font)              Font shape `OML/cmm/m/it' tried instead on input line 318.

[14]
<images/filtri.jpg, id=342, 803.0pt x 773.89125pt>
File: images/filtri.jpg Graphic file (type jpg)
<use images/filtri.jpg>
Package pdftex.def Info: images/filtri.jpg  used on input line 342.
(pdftex.def)             Requested size: 361.34666pt x 348.24785pt.

Overfull \hbox (1.34666pt too wide) in paragraph at lines 342--343
 [][] 
 []

[15 <./images/filtri.jpg>] [16] [17] [18] [19]
<images/reteneurale.jpg, id=417, 812.03375pt x 543.02875pt>
File: images/reteneurale.jpg Graphic file (type jpg)
<use images/reteneurale.jpg>
Package pdftex.def Info: images/reteneurale.jpg  used on input line 467.
(pdftex.def)             Requested size: 324.80774pt x 217.20764pt.
 [20 <./images/reteneurale.jpg>]
<images/confronto.png, id=423, 884.30376pt x 1255.69125pt>
File: images/confronto.png Graphic file (type png)
<use images/confronto.png>
Package pdftex.def Info: images/confronto.png  used on input line 477.
(pdftex.def)             Requested size: 265.29317pt x 376.71028pt.

[21 <./images/confronto.png>]
<images/chart1.png, id=429, 280.04625pt x 186.6975pt>
File: images/chart1.png Graphic file (type png)
<use images/chart1.png>
Package pdftex.def Info: images/chart1.png  used on input line 490.
(pdftex.def)             Requested size: 280.04555pt x 186.69704pt.
 [22 <./images/chart1.png>]
<images/labssim.png, id=436, 511.31026pt x 189.1065pt>
File: images/labssim.png Graphic file (type png)
<use images/labssim.png>
Package pdftex.def Info: images/labssim.png  used on input line 502.
(pdftex.def)             Requested size: 357.91472pt x 132.37364pt.
 [23 <./images/labssim.png>]
<images/chart2.png, id=447, 271.0125pt x 184.43906pt>
File: images/chart2.png Graphic file (type png)
<use images/chart2.png>
Package pdftex.def Info: images/chart2.png  used on input line 529.
(pdftex.def)             Requested size: 271.01183pt x 184.4386pt.
 [24 <./images/chart2.png>]
("C:\Users\user\AppData\Local\Programs\MiKTeX 2.9\tex\latex\listings\lstlang1.s
ty"
File: lstlang1.sty 2015/06/04 1.6 listings language file
) [25]
<images/confusion1.jpg, id=497, 954.56625pt x 1110.1475pt>
File: images/confusion1.jpg Graphic file (type jpg)
<use images/confusion1.jpg>
Package pdftex.def Info: images/confusion1.jpg  used on input line 585.
(pdftex.def)             Requested size: 362.73895pt x 421.86043pt.

Overfull \hbox (2.73895pt too wide) in paragraph at lines 585--586
 [][] 
 []

[26 <./images/confusion1.jpg>] [27] [28] [29]
Package atveryend Info: Empty hook `BeforeClearDocument' on input line 618.
 [30]
Package atveryend Info: Empty hook `AfterLastShipout' on input line 618.
 (thesis.aux)
Package atveryend Info: Executing hook `AtVeryEndDocument' on input line 618.
Package atveryend Info: Executing hook `AtEndAfterFileList' on input line 618.
Package rerunfilecheck Info: File `thesis.out' has not changed.
(rerunfilecheck)             Checksum: BEEB15251FA6C27E77CAFED4AF18EA57;2653.
Package logreq Info: Writing requests to 'thesis.run.xml'.
\openout1 = `thesis.run.xml'.

 ) 
Here is how much of TeX's memory you used:
 25407 strings out of 492973
 445074 string characters out of 3127135
 1052002 words of memory out of 3000000
 28836 multiletter control sequences out of 15000+200000
 543981 words of font info for 65 fonts, out of 3000000 for 9000
 1141 hyphenation exceptions out of 8191
 40i,13n,63p,865b,1704s stack positions out of 5000i,500n,10000p,200000b,50000s
<C:/Users/user/AppData/Local/Programs/MiKTeX 2.9/fonts/type1/public/amsfonts/
cm/cmbx10.pfb><C:/Users/user/AppData/Local/Programs/MiKTeX 2.9/fonts/type1/publ
ic/amsfonts/cm/cmbx12.pfb><C:/Users/user/AppData/Local/Programs/MiKTeX 2.9/font
s/type1/public/amsfonts/cm/cmex10.pfb><C:/Users/user/AppData/Local/Programs/MiK
TeX 2.9/fonts/type1/public/amsfonts/cm/cmmi10.pfb><C:/Users/user/AppData/Local/
Programs/MiKTeX 2.9/fonts/type1/public/amsfonts/cm/cmmi6.pfb><C:/Users/user/App
Data/Local/Programs/MiKTeX 2.9/fonts/type1/public/amsfonts/cm/cmmi8.pfb><C:/Use
rs/user/AppData/Local/Programs/MiKTeX 2.9/fonts/type1/public/amsfonts/cm/cmmi9.
pfb><C:/Users/user/AppData/Local/Programs/MiKTeX 2.9/fonts/type1/public/amsfont
s/cm/cmr10.pfb><C:/Users/user/AppData/Local/Programs/MiKTeX 2.9/fonts/type1/pub
lic/amsfonts/cm/cmr12.pfb><C:/Users/user/AppData/Local/Programs/MiKTeX 2.9/font
s/type1/public/amsfonts/cm/cmr17.pfb><C:/Users/user/AppData/Local/Programs/MiKT
eX 2.9/fonts/type1/public/amsfonts/cm/cmr6.pfb><C:/Users/user/AppData/Local/Pro
grams/MiKTeX 2.9/fonts/type1/public/amsfonts/cm/cmr8.pfb><C:/Users/user/AppData
/Local/Programs/MiKTeX 2.9/fonts/type1/public/amsfonts/cm/cmr9.pfb><C:/Users/us
er/AppData/Local/Programs/MiKTeX 2.9/fonts/type1/public/amsfonts/cm/cmsy10.pfb>
<C:/Users/user/AppData/Local/Programs/MiKTeX 2.9/fonts/type1/public/amsfonts/cm
/cmsy8.pfb><C:/Users/user/AppData/Local/Programs/MiKTeX 2.9/fonts/type1/public/
amsfonts/cm/cmsy9.pfb><C:/Users/user/AppData/Local/Programs/MiKTeX 2.9/fonts/ty
pe1/public/amsfonts/cm/cmtt9.pfb>
Output written on thesis.pdf (30 pages, 4487140 bytes).
PDF statistics:
 616 PDF objects out of 1000 (max. 8388607)
 209 named destinations out of 1000 (max. 500000)
 361 words of extra memory for PDF output out of 10000 (max. 10000000)

