\BOOKMARK [1][-]{section.1}{Introduzione}{}% 1
\BOOKMARK [1][-]{section.2}{Colorimetria}{}% 2
\BOOKMARK [2][-]{subsection.2.1}{Lo spettro visibile}{section.2}% 3
\BOOKMARK [3][-]{subsubsection.2.1.1}{Percezione del colore}{subsection.2.1}% 4
\BOOKMARK [2][-]{subsection.2.2}{Spazio colore}{section.2}% 5
\BOOKMARK [3][-]{subsubsection.2.2.1}{Modello CIE XYZ}{subsection.2.2}% 6
\BOOKMARK [3][-]{subsubsection.2.2.2}{Modello CIE L*a*b*}{subsection.2.2}% 7
\BOOKMARK [2][-]{subsection.2.3}{Risoluzione e compressione}{section.2}% 8
\BOOKMARK [1][-]{section.3}{Reti Neurali}{}% 9
\BOOKMARK [2][-]{subsection.3.1}{Reti neurali e cervello umano}{section.3}% 10
\BOOKMARK [3][-]{subsubsection.3.1.1}{Dal neurone biologico a quello artificiale}{subsection.3.1}% 11
\BOOKMARK [2][-]{subsection.3.2}{Perceptron}{section.3}% 12
\BOOKMARK [3][-]{subsubsection.3.2.1}{Addestramento del perceptron}{subsection.3.2}% 13
\BOOKMARK [1][-]{section.4}{Svolgimento}{}% 14
\BOOKMARK [2][-]{subsection.4.1}{Creazione del dataset}{section.4}% 15
\BOOKMARK [3][-]{subsubsection.4.1.1}{Codice C++}{subsection.4.1}% 16
\BOOKMARK [3][-]{subsubsection.4.1.2}{Esempi}{subsection.4.1}% 17
\BOOKMARK [3][-]{subsubsection.4.1.3}{Conversione nello spazio colore CIE L*a*b*}{subsection.4.1}% 18
\BOOKMARK [2][-]{subsection.4.2}{Addestramento della rete}{section.4}% 19
\BOOKMARK [1][-]{section.5}{Test}{}% 20
\BOOKMARK [1][-]{section.6}{Conclusioni}{}% 21
\BOOKMARK [1][-]{section.7}{Ringraziamenti}{}% 22
